Using pre-set license
Built from '2020.2/staging' branch; Version is '2020.2.6f1 (8a2143876886) revision 9052483'; Using compiler version '192528614'; Build Type 'Release'
OS: 'Windows 10 Home; OS build 19044.1766; Version 2009; 64bit' Language: 'en' Physical Memory: 16240 MB
BatchMode: 1, IsHumanControllingUs: 0, StartBugReporterOnCrash: 0, Is64bit: 1, IsPro: 0

 COMMAND LINE ARGUMENTS:
C:\Program Files\Unity\Hub\Editor\2020.2.6f1\Editor\Unity.exe
-adb2
-batchMode
-noUpm
-name
AssetImportWorker0
-projectPath
C:/Users/morin/Desktop/DetectiveNew/DetectiveNew
-logFile
Logs/AssetImportWorker0.log
-srvPort
54312
Successfully changed project path to: C:/Users/morin/Desktop/DetectiveNew/DetectiveNew
C:/Users/morin/Desktop/DetectiveNew/DetectiveNew
Using Asset Import Pipeline V2.
Refreshing native plugins compatible for Editor in 129.06 ms, found 1 plugins.
Preloading 0 native plugins for Editor in 0.00 ms.
Initialize engine version: 2020.2.6f1 (8a2143876886)
[Subsystems] Discovering subsystems at path C:/Program Files/Unity/Hub/Editor/2020.2.6f1/Editor/Data/Resources/UnitySubsystems
[Subsystems] Discovering subsystems at path C:/Users/morin/Desktop/DetectiveNew/DetectiveNew/Assets
GfxDevice: creating device client; threaded=0
Direct3D:
    Version:  Direct3D 11.0 [level 11.1]
    Renderer: NVIDIA GeForce RTX 2070 with Max-Q Design (ID=0x1f10)
    Vendor:   
    VRAM:     8031 MB
    Driver:   30.0.15.1165
Initialize mono
Mono path[0] = 'C:/Program Files/Unity/Hub/Editor/2020.2.6f1/Editor/Data/Managed'
Mono path[1] = 'C:/Program Files/Unity/Hub/Editor/2020.2.6f1/Editor/Data/MonoBleedingEdge/lib/mono/unityjit'
Mono config path = 'C:/Program Files/Unity/Hub/Editor/2020.2.6f1/Editor/Data/MonoBleedingEdge/etc'
Using monoOptions --debugger-agent=transport=dt_socket,embedding=1,server=y,suspend=n,address=127.0.0.1:56864
Begin MonoManager ReloadAssembly
Registering precompiled unity dll's ...
Register platform support module: C:/Program Files/Unity/Hub/Editor/2020.2.6f1/Editor/Data/PlaybackEngines/WebGLSupport/UnityEditor.WebGL.Extensions.dll
Register platform support module: C:/Program Files/Unity/Hub/Editor/2020.2.6f1/Editor/Data/PlaybackEngines/WindowsStandaloneSupport/UnityEditor.WindowsStandalone.Extensions.dll
Registered in 0.014281 seconds.
Native extension for WindowsStandalone target not found
Native extension for WebGL target not found
Refreshing native plugins compatible for Editor in 250.28 ms, found 1 plugins.
Preloading 0 native plugins for Editor in 0.00 ms.
Invoked RoslynAnalysisRunner static constructor.
RoslynAnalysisRunner will not be running.
RoslynAnalysisRunner has terminated.
Mono: successfully reloaded assembly
- Completed reload, in  4.256 seconds
Platform modules already initialized, skipping
Registering precompiled user dll's ...
Registered in 0.008147 seconds.
Begin MonoManager ReloadAssembly
Native extension for WindowsStandalone target not found
Native extension for WebGL target not found
Refreshing native plugins compatible for Editor in 106.27 ms, found 1 plugins.
Preloading 0 native plugins for Editor in 0.00 ms.
Invoked RoslynAnalysisRunner static constructor.
RoslynAnalysisRunner will not be running.
RoslynAnalysisRunner has terminated.
Mono: successfully reloaded assembly
- Completed reload, in  2.378 seconds
Platform modules already initialized, skipping
========================================================================
Worker process is ready to serve import requests
Launched and connected shader compiler UnityShaderCompiler.exe after 0.10 seconds
Refreshing native plugins compatible for Editor in 1.13 ms, found 1 plugins.
Preloading 0 native plugins for Editor in 0.00 ms.
Unloading 2543 Unused Serialized files (Serialized files now loaded: 0)
System memory in use before: 115.1 MB.
System memory in use after: 115.3 MB.

Unloading 23 unused Assets to reduce memory usage. Loaded Objects now: 2994.
Total: 5.742100 ms (FindLiveObjects: 0.909900 ms CreateObjectMapping: 0.224400 ms MarkObjects: 4.135500 ms  DeleteObjects: 0.470200 ms)

========================================================================
Received Import Request.
  path: Assets/1_Resource/Sprite
  artifactKey: Guid(33c80014e35e3b244bc129b319a57eca) Importer(815301076,1909f56bfc062723c751e8b465ee728b)
Start importing Assets/1_Resource/Sprite using Guid(33c80014e35e3b244bc129b319a57eca) Importer(815301076,1909f56bfc062723c751e8b465ee728b)  -> (artifact id: '9fe095faebb25ea2d1df0dbd67340ab5') in 0.011639 seconds
  Import took 0.026235 seconds .

========================================================================
Received Import Request.
  Time since last request: 0.000586 seconds.
  path: Assets/1_Resource/Sprite/HouseImage
  artifactKey: Guid(8a81bb618eab2e6478622a74699305ae) Importer(815301076,1909f56bfc062723c751e8b465ee728b)
Start importing Assets/1_Resource/Sprite/HouseImage using Guid(8a81bb618eab2e6478622a74699305ae) Importer(815301076,1909f56bfc062723c751e8b465ee728b)  -> (artifact id: '3371837a2b7d26f6c9b2ee85e64fed6a') in 0.009373 seconds
  Import took 0.020753 seconds .

AssetImportWorkerClient::OnTransportError - code=2 error=End of file
